0 info it worked if it ends with ok
1 verbose cli [ '/usr/local/Cellar/node/7.1.0/bin/node',
1 verbose cli   '/usr/local/bin/npm',
1 verbose cli   'run',
1 verbose cli   'prod:buildserver' ]
2 info using npm@3.10.9
3 info using node@v7.1.0
4 verbose run-script [ 'preprod:buildserver',
4 verbose run-script   'prod:buildserver',
4 verbose run-script   'postprod:buildserver' ]
5 info lifecycle react-webpack-boilerplate@1.0.0~preprod:buildserver: react-webpack-boilerplate@1.0.0
6 silly lifecycle react-webpack-boilerplate@1.0.0~preprod:buildserver: no script for preprod:buildserver, continuing
7 info lifecycle react-webpack-boilerplate@1.0.0~prod:buildserver: react-webpack-boilerplate@1.0.0
8 verbose lifecycle react-webpack-boilerplate@1.0.0~prod:buildserver: unsafe-perm in lifecycle true
9 verbose lifecycle react-webpack-boilerplate@1.0.0~prod:buildserver: PATH: /usr/local/lib/node_modules/npm/bin/node-gyp-bin:/Users/vn0z6jc/Codes/react-webpack-boilerplate/node_modules/.bin:/usr/local/Cellar/node/7.1.0/bin:/usr/local/bin:/usr/bin:/bin:/usr/sbin:/sbin
10 verbose lifecycle react-webpack-boilerplate@1.0.0~prod:buildserver: CWD: /Users/vn0z6jc/Codes/react-webpack-boilerplate
11 silly lifecycle react-webpack-boilerplate@1.0.0~prod:buildserver: Args: [ '-c',
11 silly lifecycle   'babel-cli ./server -d ./server-dist --presets es2015,stage-2 --copy-files' ]
12 info lifecycle react-webpack-boilerplate@1.0.0~prod:buildserver: Failed to exec prod:buildserver script
13 verbose stack Error: react-webpack-boilerplate@1.0.0 prod:buildserver: `babel-cli ./server -d ./server-dist --presets es2015,stage-2 --copy-files`
13 verbose stack spawn ENOENT
13 verbose stack     at ChildProcess.<anonymous> (/usr/local/lib/node_modules/npm/lib/utils/spawn.js:33:16)
13 verbose stack     at emitTwo (events.js:106:13)
13 verbose stack     at ChildProcess.emit (events.js:191:7)
13 verbose stack     at maybeClose (internal/child_process.js:885:16)
13 verbose stack     at Process.ChildProcess._handle.onexit (internal/child_process.js:226:5)
14 verbose pkgid react-webpack-boilerplate@1.0.0
15 verbose cwd /Users/vn0z6jc/Codes/react-webpack-boilerplate
16 error Darwin 15.6.0
17 error argv "/usr/local/Cellar/node/7.1.0/bin/node" "/usr/local/bin/npm" "run" "prod:buildserver"
18 error node v7.1.0
19 error npm  v3.10.9
20 error file sh
21 error code ELIFECYCLE
22 error errno ENOENT
23 error syscall spawn
24 error react-webpack-boilerplate@1.0.0 prod:buildserver: `babel-cli ./server -d ./server-dist --presets es2015,stage-2 --copy-files`
24 error spawn ENOENT
25 error Failed at the react-webpack-boilerplate@1.0.0 prod:buildserver script 'babel-cli ./server -d ./server-dist --presets es2015,stage-2 --copy-files'.
25 error Make sure you have the latest version of node.js and npm installed.
25 error If you do, this is most likely a problem with the react-webpack-boilerplate package,
25 error not with npm itself.
25 error Tell the author that this fails on your system:
25 error     babel-cli ./server -d ./server-dist --presets es2015,stage-2 --copy-files
25 error You can get information on how to open an issue for this project with:
25 error     npm bugs react-webpack-boilerplate
25 error Or if that isn't available, you can get their info via:
25 error     npm owner ls react-webpack-boilerplate
25 error There is likely additional logging output above.
26 verbose exit [ 1, true ]
